# JRE version: OpenJDK Runtime Environment (15.0.2+7) (build 15.0.2+7-27)
# Java VM: OpenJDK 64-Bit Server VM (15.0.2+7-27, mixed mode, tiered, compressed oops, g1 gc, windows-amd64)
GC Precious Log:
 CPUs: 12 total, 12 available
 Memory: 32697M
 Large Page Support: Disabled
 NUMA Support: Disabled
 Compressed Oops: Enabled (Zero based)
 Heap Region Size: 4M
 Heap Min Capacity: 8M
 Heap Initial Capacity: 512M
 Heap Max Capacity: 8176M
 Pre-touch: Disabled
 Parallel Workers: 10
 Concurrent Workers: 3
 Concurrent Refinement Workers: 10
 Periodic GC: Disabled
Heap:
 garbage-first heap   total 524288K, used 81691K [0x0000000601000000, 0x0000000800000000)
  region size 4096K, 21 young (86016K), 1 survivors (4096K)
 Metaspace       used 13434K, capacity 13630K, committed 13696K, reserved 1060864K
  class space    used 1271K, capacity 1349K, committed 1408K, reserved 1048576K
GC Heap History (10 events):
Event: 1.221 GC heap before
{Heap before GC invocations=0 (full 0):
 garbage-first heap   total 524288K, used 24576K [0x0000000601000000, 0x0000000800000000)
  region size 4096K, 6 young (24576K), 0 survivors (0K)
 Metaspace       used 13340K, capacity 13559K, committed 13696K, reserved 1060864K
  class space    used 1265K, capacity 1347K, committed 1408K, reserved 1048576K
}
Event: 1.224 GC heap after
{Heap after GC invocations=1 (full 0):
 garbage-first heap   total 524288K, used 3770K [0x0000000601000000, 0x0000000800000000)
  region size 4096K, 1 young (4096K), 1 survivors (4096K)
 Metaspace       used 13340K, capacity 13559K, committed 13696K, reserved 1060864K
  class space    used 1265K, capacity 1347K, committed 1408K, reserved 1048576K
}
Event: 1.257 GC heap before
{Heap before GC invocations=1 (full 0):
 garbage-first heap   total 524288K, used 28346K [0x0000000601000000, 0x0000000800000000)
  region size 4096K, 7 young (28672K), 1 survivors (4096K)
 Metaspace       used 13365K, capacity 13560K, committed 13696K, reserved 1060864K
  class space    used 1265K, capacity 1347K, committed 1408K, reserved 1048576K
}
Event: 1.259 GC heap after
{Heap after GC invocations=2 (full 0):
 garbage-first heap   total 524288K, used 4024K [0x0000000601000000, 0x0000000800000000)
  region size 4096K, 1 young (4096K), 1 survivors (4096K)
 Metaspace       used 13365K, capacity 13560K, committed 13696K, reserved 1060864K
  class space    used 1265K, capacity 1347K, committed 1408K, reserved 1048576K
}
Event: 1.335 GC heap before
{Heap before GC invocations=2 (full 0):
 garbage-first heap   total 524288K, used 73656K [0x0000000601000000, 0x0000000800000000)
  region size 4096K, 18 young (73728K), 1 survivors (4096K)
 Metaspace       used 13371K, capacity 13560K, committed 13696K, reserved 1060864K
  class space    used 1265K, capacity 1347K, committed 1408K, reserved 1048576K
}
Event: 1.335 GC heap after
{Heap after GC invocations=3 (full 0):
 garbage-first heap   total 524288K, used 3908K [0x0000000601000000, 0x0000000800000000)
  region size 4096K, 1 young (4096K), 1 survivors (4096K)
 Metaspace       used 13371K, capacity 13560K, committed 13696K, reserved 1060864K
  class space    used 1265K, capacity 1347K, committed 1408K, reserved 1048576K
}
Event: 1.666 GC heap before
{Heap before GC invocations=3 (full 0):
 garbage-first heap   total 524288K, used 311108K [0x0000000601000000, 0x0000000800000000)
  region size 4096K, 76 young (311296K), 1 survivors (4096K)
 Metaspace       used 13414K, capacity 13630K, committed 13696K, reserved 1060864K
  class space    used 1270K, capacity 1349K, committed 1408K, reserved 1048576K
}
Event: 1.666 GC heap after
{Heap after GC invocations=4 (full 0):
 garbage-first heap   total 524288K, used 3866K [0x0000000601000000, 0x0000000800000000)
  region size 4096K, 1 young (4096K), 1 survivors (4096K)
 Metaspace       used 13414K, capacity 13630K, committed 13696K, reserved 1060864K
  class space    used 1270K, capacity 1349K, committed 1408K, reserved 1048576K
}
Event: 1.877 GC heap before
{Heap before GC invocations=4 (full 0):
 garbage-first heap   total 524288K, used 311066K [0x0000000601000000, 0x0000000800000000)
  region size 4096K, 76 young (311296K), 1 survivors (4096K)
 Metaspace       used 13419K, capacity 13630K, committed 13696K, reserved 1060864K
  class space    used 1270K, capacity 1349K, committed 1408K, reserved 1048576K
}
Event: 1.877 GC heap after
{Heap after GC invocations=5 (full 0):
 garbage-first heap   total 524288K, used 3867K [0x0000000601000000, 0x0000000800000000)
  region size 4096K, 1 young (4096K), 1 survivors (4096K)
 Metaspace       used 13419K, capacity 13630K, committed 13696K, reserved 1060864K
  class space    used 1270K, capacity 1349K, committed 1408K, reserved 1048576K
}

